生成启动时间为 2017/10/18 11:16:32。
     1>项目“F:\Visual Studio Projects\RayStudio\RayStudio\RayStudio.vcxproj”在节点 2 上(Build 个目标)。
     1>ClCompile:
         H:\VS2015\VC\bin\CL.exe /c /Zi /nologo /W3 /WX- /sdl /O2 /Oi /Oy- /GL /D WIN32 /D NDEBUG /D _WINDOWS /D _UNICODE /D UNICODE /Gm- /EHsc /MD /GS /Gy /fp:precise /Zc:wchar_t /Zc:forScope /Zc:inline /Fo"Release\\" /Fd"Release\vc140.pdb" /Gd /TP /analyze- /errorReport:prompt Core\Scene\Actor.cpp Core\Math\Collision.cpp Core\Vector.cpp Core\Render\RenderPipeline.cpp Core\Scene\Level.cpp Core\Render\DeferredRender.cpp Editor\Common\DeviceManager.cpp Editor\main.cpp Editor\Common\AppFramement.cpp Editor\Common\InfoManager.cpp Core\Texture2D.cpp Core\Render\Render.cpp Core\Render\LevelRender.cpp Core\Scene\FbxLoader.cpp Core\Scene\Material.cpp Core\Scene\ResourceManager.cpp Core\Vector2D.cpp Core\Scene\StaticMesh.cpp Core\Vector4.cpp Core\Scene\SceneOctree.cpp Core\Scene\StaticMeshActor.cpp
         Actor.cpp
         Collision.cpp
         Vector.cpp
         RenderPipeline.cpp
         Level.cpp
         DeferredRender.cpp
     1>f:\visual studio projects\raystudio\raystudio\core\render\../../Editor/Common/DeviceManager.h(3): fatal error C1083: 无法打开包括文件: “D3DX11async.h”: No such file or directory
         DeviceManager.cpp
     1>f:\visual studio projects\raystudio\raystudio\editor\common\DeviceManager.h(3): fatal error C1083: 无法打开包括文件: “D3DX11async.h”: No such file or directory
         main.cpp
     1>f:\visual studio projects\raystudio\raystudio\editor\common\DeviceManager.h(3): fatal error C1083: 无法打开包括文件: “D3DX11async.h”: No such file or directory
         AppFramement.cpp
     1>f:\visual studio projects\raystudio\raystudio\editor\common\DeviceManager.h(3): fatal error C1083: 无法打开包括文件: “D3DX11async.h”: No such file or directory
         InfoManager.cpp
         Texture2D.cpp
         Render.cpp
         LevelRender.cpp
         FbxLoader.cpp
     1>f:\visual studio projects\raystudio\raystudio\core\scene\FbxLoader.h(4): fatal error C1083: 无法打开包括文件: “fbxsdk.h”: No such file or directory
         Material.cpp
         ResourceManager.cpp
     1>f:\visual studio projects\raystudio\raystudio\core\scene\FbxLoader.h(4): fatal error C1083: 无法打开包括文件: “fbxsdk.h”: No such file or directory
         Vector2D.cpp
         StaticMesh.cpp
         Vector4.cpp
         SceneOctree.cpp
         正在编译...
         StaticMeshActor.cpp
     1>已完成生成项目“F:\Visual Studio Projects\RayStudio\RayStudio\RayStudio.vcxproj”(Build 个目标)的操作 - 失败。

生成失败。

已用时间 00:00:03.73
