f:\visual studio projects\raystudio\raystudio\editor.dir\debug\vc140.pdb
f:\visual studio projects\raystudio\raystudio\editor.dir\debug\vc140.idb
f:\visual studio projects\raystudio\raystudio\editor.dir\debug\main.obj
f:\visual studio projects\raystudio\raystudio\editor.dir\debug\appframement.obj
f:\visual studio projects\raystudio\raystudio\editor.dir\debug\infomanager.obj
f:\visual studio projects\raystudio\raystudio\editor.dir\debug\texture2d.obj
f:\visual studio projects\raystudio\raystudio\editor.dir\debug\render.obj
f:\visual studio projects\raystudio\raystudio\editor.dir\debug\levelrender.obj
f:\visual studio projects\raystudio\raystudio\editor.dir\debug\fbxloader.obj
f:\visual studio projects\raystudio\raystudio\editor.dir\debug\material.obj
f:\visual studio projects\raystudio\raystudio\editor.dir\debug\resourcemanager.obj
f:\visual studio projects\raystudio\raystudio\editor.dir\debug\vector2d.obj
f:\visual studio projects\raystudio\raystudio\editor.dir\debug\staticmesh.obj
f:\visual studio projects\raystudio\raystudio\editor.dir\debug\vector4.obj
f:\visual studio projects\raystudio\raystudio\editor.dir\debug\sceneoctree.obj
f:\visual studio projects\raystudio\raystudio\editor.dir\debug\staticmeshactor.obj
f:\visual studio projects\raystudio\raystudio\editor.dir\debug\matrix.obj
f:\visual studio projects\raystudio\raystudio\editor.dir\debug\frustum.obj
f:\visual studio projects\raystudio\raystudio\editor.dir\debug\inputmanager.obj
f:\visual studio projects\raystudio\raystudio\editor.dir\debug\renderengine.obj
f:\visual studio projects\raystudio\raystudio\editor.dir\debug\hud.obj
f:\visual studio projects\raystudio\raystudio\editor.dir\debug\uitext.obj
f:\visual studio projects\raystudio\raystudio\editor.dir\debug\camera.obj
f:\visual studio projects\raystudio\raystudio\editor.dir\debug\actor.obj
f:\visual studio projects\raystudio\raystudio\editor.dir\debug\collision.obj
f:\visual studio projects\raystudio\raystudio\editor.dir\debug\vector.obj
f:\visual studio projects\raystudio\raystudio\editor.dir\debug\renderpipeline.obj
f:\visual studio projects\raystudio\raystudio\editor.dir\debug\level.obj
f:\visual studio projects\raystudio\raystudio\editor.dir\debug\deferredrender.obj
f:\visual studio projects\raystudio\raystudio\editor.dir\debug\editorcamera.obj
f:\visual studio projects\raystudio\raystudio\editor.dir\debug\devicemanager.obj
f:\visual studio projects\raystudio\lib\binaries\win86\raystudio_d.ilk
f:\visual studio projects\raystudio\lib\binaries\win86\raystudio_d.exe
f:\visual studio projects\raystudio\lib\binaries\win86\raystudio_d.pdb
f:\visual studio projects\raystudio\\lib\binaries\win86\raystudio_d.pdb
f:\visual studio projects\raystudio\\lib\binaries\win86\raystudio_d.exe
f:\visual studio projects\raystudio\\lib\binaries\win86\raystudio_d.ilk
f:\visual studio projects\raystudio\raystudio\editor.dir\debug\arthands.tlog\cl.command.1.tlog
f:\visual studio projects\raystudio\raystudio\editor.dir\debug\arthands.tlog\cl.read.1.tlog
f:\visual studio projects\raystudio\raystudio\editor.dir\debug\arthands.tlog\cl.write.1.tlog
f:\visual studio projects\raystudio\raystudio\editor.dir\debug\arthands.tlog\link.command.1.tlog
f:\visual studio projects\raystudio\raystudio\editor.dir\debug\arthands.tlog\link.read.1.tlog
f:\visual studio projects\raystudio\raystudio\editor.dir\debug\arthands.tlog\link.write.1.tlog
